#
# There is insufficient memory for the Java Runtime Environment to continue.
# Native memory allocation (mmap) failed to map 264241152 bytes. Error detail: G1 virtual space
# Possible reasons:
#   The system is out of physical RAM or swap space
#   This process is running with CompressedOops enabled, and the Java Heap may be blocking the growth of the native heap
# Possible solutions:
#   Reduce memory load on the system
#   Increase physical memory or swap space
#   Check if swap backing store is full
#   Decrease Java heap size (-Xmx/-Xms)
#   Decrease number of Java threads
#   Decrease Java thread stack sizes (-Xss)
#   Set larger code cache with -XX:ReservedCodeCacheSize=
#   JVM is running with Zero Based Compressed Oops mode in which the Java heap is
#     placed in the first 32GB address space. The Java Heap base address is the
#     maximum limit for the native heap growth. Please use -XX:HeapBaseMinAddress
#     to set the Java Heap base and to place the Java Heap above 32GB virtual address.
# This output file may be truncated or incomplete.
#
#  Out of Memory Error (os_windows.cpp:3564), pid=22660, tid=27568
#
# JRE version:  (24.0+36) (build )
# Java VM: Java HotSpot(TM) 64-Bit Server VM (24+36-3646, mixed mode, sharing, tiered, compressed oops, compressed class ptrs, g1 gc, windows-amd64)
# No core dump will be written. Minidumps are not enabled by default on client versions of Windows
#

---------------  S U M M A R Y ------------

Command Line: --enable-native-access=ALL-UNNAMED 

Host: 11th Gen Intel(R) Core(TM) i7-11390H @ 3.40GHz, 8 cores, 15G,  Windows 11 , 64 bit Build 26100 (10.0.26100.4484)
Time: Tue Jul  1 11:56:05 2025 Hora oficial do Brasil elapsed time: 0.067131 seconds (0d 0h 0m 0s)

---------------  T H R E A D  ---------------

Current thread (0x00000101f9d0b860):  JavaThread "Unknown thread" [_thread_in_vm, id=27568, stack(0x00000001d0d00000,0x00000001d0e00000) (1024K)]

Stack: [0x00000001d0d00000,0x00000001d0e00000]
Native frames: (J=compiled Java code, j=interpreted, Vv=VM code, C=native code)
V  [jvm.dll+0x7308c9]  (no source info available)
V  [jvm.dll+0x8d9ca3]  (no source info available)
V  [jvm.dll+0x8dc13d]  (no source info available)
V  [jvm.dll+0x8dc7b3]  (no source info available)
V  [jvm.dll+0x2aa046]  (no source info available)
V  [jvm.dll+0x72cdf5]  (no source info available)
V  [jvm.dll+0x72091a]  (no source info available)
V  [jvm.dll+0x390d8a]  (no source info available)
V  [jvm.dll+0x398a96]  (no source info available)
V  [jvm.dll+0x3852de]  (no source info available)
V  [jvm.dll+0x385598]  (no source info available)
V  [jvm.dll+0x35d16c]  (no source info available)
V  [jvm.dll+0x35de2d]  (no source info available)
V  [jvm.dll+0x89d41f]  (no source info available)
V  [jvm.dll+0x3f98fd]  (no source info available)
V  [jvm.dll+0x885a76]  (no source info available)
V  [jvm.dll+0x49604e]  (no source info available)
V  [jvm.dll+0x497e21]  (no source info available)
C  [jli.dll+0x52a1]  (no source info available)
C  [ucrtbase.dll+0x37b0]  (no source info available)
C  [KERNEL32.DLL+0x2e8d7]  (no source info available)
C  [ntdll.dll+0x3c34c]  (no source info available)

Lock stack of current Java thread (top to bottom):


---------------  P R O C E S S  ---------------

Threads class SMR info:
_java_thread_list=0x00007ff916a3f318, length=0, elements={
}

Java Threads: ( => current thread )
Total: 0

Other Threads:
  0x00000101f9d701a0 WorkerThread "GC Thread#0"                     [id=27092, stack(0x00000001d0e00000,0x00000001d0f00000) (1024K)]
  0x00000101f9d84c00 ConcurrentGCThread "G1 Main Marker"            [id=2608, stack(0x00000001d0f00000,0x00000001d1000000) (1024K)]
  0x00000101f9d85620 WorkerThread "G1 Conc#0"                       [id=25240, stack(0x00000001d1000000,0x00000001d1100000) (1024K)]

[error occurred during error reporting (printing all threads), id 0xc0000005, EXCEPTION_ACCESS_VIOLATION (0xc0000005) at pc=0x00007ff91617158a]
VM state: not at safepoint (not fully initialized)

VM Mutex/Monitor currently owned by a thread:  ([mutex/lock_event])
[0x00007ff916ac45c0] Heap_lock - owner thread: 0x00000101f9d0b860

Heap address: 0x0000000704000000, size: 4032 MB, Compressed Oops mode: Zero based, Oop shift amount: 3

CDS archive(s) mapped at: [0x0000000000000000-0x0000000000000000-0x0000000000000000), size 0, SharedBaseAddress: 0x0000000800000000, ArchiveRelocationMode: 1.
UseCompressedClassPointers 1, UseCompactObjectHeaders 0
Narrow klass pointer bits 32, Max shift 3
Narrow klass base: 0xffffffffffffffff, Narrow klass shift: -1
Encoding Range: [0xffffffffffffffff - 0x000000007fffffff), (2147483648 bytes)
Klass Range:    [0x0000000000000000 - 0x0000000000000000), (0 bytes)
Klass ID Range:  [4294967295 - 0) (1)

GC Precious Log:
 CardTable entry size: 512
 Card Set container configuration: InlinePtr #cards 4 size 8 Array Of Cards #cards 16 size 48 Howl #buckets 8 coarsen threshold 3686 Howl Bitmap #cards 512 size 80 coarsen threshold 460 Card regions per heap region 1 cards per card region 4096

Heap:
 garbage-first heap   total reserved 4128768K, committed 0K, used 0K [0x0000000704000000, 0x0000000800000000)
  region size 2048K, 0 young (0K), 0 survivors (0K)

[error occurred during error reporting (printing heap information), id 0xc0000005, EXCEPTION_ACCESS_VIOLATION (0xc0000005) at pc=0x00007ff91658e579]
GC Heap History (0 events):
No events

Dll operation events (1 events):
Event: 0.030 Loaded shared library C:\Program Files\Java\jdk-24\bin\java.dll

Deoptimization events (0 events):
No events

Classes loaded (0 events):
No events

Classes unloaded (0 events):
No events

Classes redefined (0 events):
No events

Internal exceptions (0 events):
No events

VM Operations (0 events):
No events

Memory protections (0 events):
No events

Nmethod flushes (0 events):
No events

Events (0 events):
No events


Dynamic libraries:
0x00007ff64af60000 - 0x00007ff64af70000 	C:\Program Files\Java\jdk-24\bin\java.exe
0x00007ff9f2a60000 - 0x00007ff9f2cc8000 	C:\WINDOWS\SYSTEM32\ntdll.dll
0x00007ff9ac510000 - 0x00007ff9ac530000 	C:\Program Files\Avast Software\Avast\aswhook.dll
0x00007ff9f2020000 - 0x00007ff9f20e9000 	C:\WINDOWS\System32\KERNEL32.DLL
0x00007ff9f00b0000 - 0x00007ff9f049d000 	C:\WINDOWS\System32\KERNELBASE.dll
0x00007ff9f04a0000 - 0x00007ff9f05eb000 	C:\WINDOWS\System32\ucrtbase.dll
0x00007ff9bf8c0000 - 0x00007ff9bf8d6000 	C:\Program Files\Java\jdk-24\bin\jli.dll
0x00007ff9df350000 - 0x00007ff9df36b000 	C:\Program Files\Java\jdk-24\bin\VCRUNTIME140.dll
0x00007ff9f1270000 - 0x00007ff9f143c000 	C:\WINDOWS\System32\USER32.dll
0x00007ff9efd80000 - 0x00007ff9efda7000 	C:\WINDOWS\System32\win32u.dll
0x00007ff9d33a0000 - 0x00007ff9d363a000 	C:\WINDOWS\WinSxS\amd64_microsoft.windows.common-controls_6595b64144ccf1df_6.0.26100.4484_none_3e0e6d4ce32ef3b3\COMCTL32.dll
0x00007ff9f1ee0000 - 0x00007ff9f1f0b000 	C:\WINDOWS\System32\GDI32.dll
0x00007ff9f18a0000 - 0x00007ff9f1949000 	C:\WINDOWS\System32\msvcrt.dll
0x00007ff9efbb0000 - 0x00007ff9efce7000 	C:\WINDOWS\System32\gdi32full.dll
0x00007ff9f05f0000 - 0x00007ff9f0693000 	C:\WINDOWS\System32\msvcp_win.dll
0x00007ff9f2540000 - 0x00007ff9f256f000 	C:\WINDOWS\System32\IMM32.DLL
0x00007ff9e58f0000 - 0x00007ff9e58fc000 	C:\Program Files\Java\jdk-24\bin\vcruntime140_1.dll
0x00007ff98b5e0000 - 0x00007ff98b66e000 	C:\Program Files\Java\jdk-24\bin\msvcp140.dll
0x00007ff915e00000 - 0x00007ff916ba2000 	C:\Program Files\Java\jdk-24\bin\server\jvm.dll
0x00007ff9f1120000 - 0x00007ff9f11d4000 	C:\WINDOWS\System32\ADVAPI32.dll
0x00007ff9f2580000 - 0x00007ff9f2626000 	C:\WINDOWS\System32\sechost.dll
0x00007ff9f1780000 - 0x00007ff9f1898000 	C:\WINDOWS\System32\RPCRT4.dll
0x00007ff9f14a0000 - 0x00007ff9f1514000 	C:\WINDOWS\System32\WS2_32.dll
0x00007ff9ee7c0000 - 0x00007ff9ee81e000 	C:\WINDOWS\SYSTEM32\POWRPROF.dll
0x00007ff9ddba0000 - 0x00007ff9ddbab000 	C:\WINDOWS\SYSTEM32\VERSION.dll
0x00007ff9ee000000 - 0x00007ff9ee035000 	C:\WINDOWS\SYSTEM32\WINMM.dll
0x00007ff9ee7a0000 - 0x00007ff9ee7b4000 	C:\WINDOWS\SYSTEM32\UMPDC.dll
0x00007ff9eea80000 - 0x00007ff9eea9b000 	C:\WINDOWS\SYSTEM32\kernel.appcore.dll
0x00007ff9e5760000 - 0x00007ff9e576a000 	C:\Program Files\Java\jdk-24\bin\jimage.dll
0x00007ff9ed250000 - 0x00007ff9ed491000 	C:\WINDOWS\SYSTEM32\DBGHELP.DLL
0x00007ff9f21b0000 - 0x00007ff9f2536000 	C:\WINDOWS\System32\combase.dll
0x00007ff9f28a0000 - 0x00007ff9f2980000 	C:\WINDOWS\System32\OLEAUT32.dll
0x00007ff9edf70000 - 0x00007ff9edfb3000 	C:\WINDOWS\SYSTEM32\dbgcore.DLL
0x00007ff9f0760000 - 0x00007ff9f07f9000 	C:\WINDOWS\System32\bcryptPrimitives.dll
0x00007ff9c5890000 - 0x00007ff9c58ae000 	C:\Program Files\Java\jdk-24\bin\java.dll
0x00007ff9f15d0000 - 0x00007ff9f176e000 	C:\WINDOWS\System32\ole32.dll
0x00007ff9f0800000 - 0x00007ff9f0f4a000 	C:\WINDOWS\System32\SHELL32.dll
0x00007ff9efdb0000 - 0x00007ff9eff24000 	C:\WINDOWS\System32\wintypes.dll

dbghelp: loaded successfully - version: 4.0.5 - missing functions: none
symbol engine: initialized successfully - sym options: 0x614 - pdb path: .;C:\Program Files\Java\jdk-24\bin;C:\WINDOWS\SYSTEM32;C:\Program Files\Avast Software\Avast;C:\WINDOWS\WinSxS\amd64_microsoft.windows.common-controls_6595b64144ccf1df_6.0.26100.4484_none_3e0e6d4ce32ef3b3;C:\Program Files\Java\jdk-24\bin\server

VM Arguments:
jvm_args: --enable-native-access=ALL-UNNAMED 
java_command: <unknown>
java_class_path (initial): <not set>
Launcher Type: SUN_STANDARD

[Global flags]
     intx CICompilerCount                          = 4                                         {product} {ergonomic}
     uint ConcGCThreads                            = 2                                         {product} {ergonomic}
     uint G1ConcRefinementThreads                  = 8                                         {product} {ergonomic}
   size_t G1HeapRegionSize                         = 2097152                                   {product} {ergonomic}
   size_t InitialHeapSize                          = 264241152                                 {product} {ergonomic}
   size_t MarkStackSize                            = 4194304                                   {product} {ergonomic}
   size_t MarkStackSizeMax                         = 536870912                                 {product} {ergonomic}
   size_t MaxHeapSize                              = 4227858432                                {product} {ergonomic}
   size_t MinHeapDeltaBytes                        = 2097152                                   {product} {ergonomic}
   size_t MinHeapSize                              = 8388608                                   {product} {ergonomic}
    uintx NonNMethodCodeHeapSize                   = 5832704                                {pd product} {ergonomic}
    uintx NonProfiledCodeHeapSize                  = 122945536                              {pd product} {ergonomic}
    uintx ProfiledCodeHeapSize                     = 122880000                              {pd product} {ergonomic}
    uintx ReservedCodeCacheSize                    = 251658240                              {pd product} {ergonomic}
     bool SegmentedCodeCache                       = true                                      {product} {ergonomic}
   size_t SoftMaxHeapSize                          = 4227858432                             {manageable} {ergonomic}
     bool UseCompressedOops                        = true                           {product lp64_product} {ergonomic}
     bool UseG1GC                                  = true                                      {product} {ergonomic}
     bool UseLargePagesIndividualAllocation        = false                                  {pd product} {ergonomic}

Logging:
Log output configuration:
 #0: stdout all=warning uptime,level,tags foldmultilines=false
 #1: stderr all=off uptime,level,tags foldmultilines=false

Environment Variables:
JAVA_HOME=C:\Program Files\Java\jdk-24
PATH=C:\Users\rebre\bin;C:\Program Files\Git\mingw64\bin;C:\Program Files\Git\usr\local\bin;C:\Program Files\Git\usr\bin;C:\Program Files\Git\usr\bin;C:\Program Files\Git\mingw64\bin;C:\Program Files\Git\usr\bin;C:\Users\rebre\bin;C:\Program Files\Common Files\Oracle\Java\javapath;C:\Program Files\Zulu\zulu-18\bin;C:\Windows\system32;C:\Windows;C:\Windows\System32\Wbem;C:\Windows\System32\WindowsPowerShell\v1.0;C:\Windows\System32\OpenSSH;C:\Program Files\NVIDIA Corporation\NVIDIA NvDLISR;C:\WINDOWS\system32;C:\WINDOWS;C:\WINDOWS\System32\Wbem;C:\WINDOWS\System32\WindowsPowerShell\v1.0;C:\WINDOWS\System32\OpenSSH;C:\Program Files\dotnet;C:\Program Files\Common Files\Autodesk Shared;C:\Program Files (x86)\NVIDIA Corporation\PhysX\Common;C:\Program Files\sf\bin;C:\Program Files\nodejs;C:\Program Files\Docker\Docker\resources\bin;C:\Program Files\Git\cmd;C:\Users\rebre\AppData\Local\Microsoft\WindowsApps;C:\Users\rebre\AppData\Local\Programs\Microsoft VS Code\bin;C:\Program Files (x86)\sfdx\bin;C:\Users\rebre\OneDrive\Documents\SALESFORCE\Sou Force;C:\Program Files\sf\bin;C:\Users\rebre\AppData\Roaming\npm;C:\Program Files\Git\usr\bin\vendor_perl;C:\Program Files\Git\usr\bin\core_perl
USERNAME=rebre
SHELL=C:\Program Files\Git\usr\bin\bash.exe
DISPLAY=needs-to-be-defined
LC_CTYPE=pt_BR.UTF-8
TERM=xterm
TMPDIR=C:\Users\rebre\AppData\Local\Temp
OS=Windows_NT
PROCESSOR_IDENTIFIER=Intel64 Family 6 Model 140 Stepping 2, GenuineIntel
TMP=C:\Users\rebre\AppData\Local\Temp
TEMP=C:\Users\rebre\AppData\Local\Temp




Periodic native trim disabled

---------------  S Y S T E M  ---------------

OS:
 Windows 11 , 64 bit Build 26100 (10.0.26100.4484)
OS uptime: 3 days 15:42 hours
Hyper-V role detected

CPU: total 8 (initial active 8) (4 cores per cpu, 2 threads per core) family 6 model 140 stepping 2 microcode 0x16, cx8, cmov, fxsr, ht, mmx, 3dnowpref, sse, sse2, sse3, ssse3, sse4.1, sse4.2, popcnt, lzcnt, tsc, tscinvbit, avx, avx2, aes, erms, clmul, bmi1, bmi2, adx, avx512f, avx512dq, avx512cd, avx512bw, avx512vl, sha, fma, vzeroupper, avx512_vpopcntdq, avx512_vpclmulqdq, avx512_vaes, avx512_vnni, clflush, clflushopt, clwb, avx512_vbmi2, avx512_vbmi, hv, rdtscp, rdpid, fsrm, gfni, avx512_bitalg, f16c, cet_ibt, cet_ss, avx512_ifma
Processor Information for the first 8 processors :
  Max Mhz: 2918, Current Mhz: 2918, Mhz Limit: 2918

Memory: 4k page, system-wide physical 16122M (1462M free)
TotalPageFile size 23918M (AvailPageFile size 54M)
current process WorkingSet (physical memory assigned to process): 14M, peak: 14M
current process commit charge ("private bytes"): 61M, peak: 313M

vm_info: Java HotSpot(TM) 64-Bit Server VM (24+36-3646) for windows-amd64 JRE (24+36-3646), built on 2025-02-06T00:20:43Z with MS VC++ 17.6 (VS2022)

END.
